#! /c/Source/iverilog-install/bin/vvp
:ivl_version "12.0 (devel)" "(s20150603-1110-g18392a46)";
:ivl_delay_selection "TYPICAL";
:vpi_time_precision + 0;
:vpi_module "C:\BHARAT~1\iverilog\lib\ivl\system.vpi";
:vpi_module "C:\BHARAT~1\iverilog\lib\ivl\vhdl_sys.vpi";
:vpi_module "C:\BHARAT~1\iverilog\lib\ivl\vhdl_textio.vpi";
:vpi_module "C:\BHARAT~1\iverilog\lib\ivl\v2005_math.vpi";
:vpi_module "C:\BHARAT~1\iverilog\lib\ivl\va_math.vpi";
S_000001c97cdb5a60 .scope module, "testbench" "testbench" 2 1;
 .timescale 0 0;
v000001c97cee66d0_0 .var "a", 3 0;
v000001c97ceebd30_0 .net "y", 1 0, v000001c97cee6e60_0;  1 drivers
S_000001c97cdb5bf0 .scope module, "uut" "encoder" 2 4, 3 1 0, S_000001c97cdb5a60;
 .timescale 0 0;
    .port_info 0 /INPUT 4 "a";
    .port_info 1 /OUTPUT 2 "y";
v000001c97cee6af0_0 .net "a", 3 0, v000001c97cee66d0_0;  1 drivers
v000001c97cee6e60_0 .var "y", 1 0;
E_000001c97ceec5e0 .event anyedge, v000001c97cee6af0_0;
    .scope S_000001c97cdb5bf0;
T_0 ;
    %wait E_000001c97ceec5e0;
    %load/vec4 v000001c97cee6af0_0;
    %dup/vec4;
    %pushi/vec4 1, 0, 4;
    %cmp/u;
    %jmp/1 T_0.0, 6;
    %dup/vec4;
    %pushi/vec4 2, 0, 4;
    %cmp/u;
    %jmp/1 T_0.1, 6;
    %dup/vec4;
    %pushi/vec4 4, 0, 4;
    %cmp/u;
    %jmp/1 T_0.2, 6;
    %dup/vec4;
    %pushi/vec4 8, 0, 4;
    %cmp/u;
    %jmp/1 T_0.3, 6;
    %jmp T_0.4;
T_0.0 ;
    %pushi/vec4 0, 0, 2;
    %store/vec4 v000001c97cee6e60_0, 0, 2;
    %jmp T_0.4;
T_0.1 ;
    %pushi/vec4 1, 0, 2;
    %store/vec4 v000001c97cee6e60_0, 0, 2;
    %jmp T_0.4;
T_0.2 ;
    %pushi/vec4 2, 0, 2;
    %store/vec4 v000001c97cee6e60_0, 0, 2;
    %jmp T_0.4;
T_0.3 ;
    %pushi/vec4 3, 0, 2;
    %store/vec4 v000001c97cee6e60_0, 0, 2;
    %jmp T_0.4;
T_0.4 ;
    %pop/vec4 1;
    %jmp T_0;
    .thread T_0, $push;
    .scope S_000001c97cdb5a60;
T_1 ;
    %vpi_call 2 6 "$dumpfile", "waveform.vcd" {0 0 0};
    %vpi_call 2 7 "$dumpvars", 32'sb00000000000000000000000000000000, S_000001c97cdb5a60 {0 0 0};
    %vpi_call 2 8 "$monitor", "time=%t a=%b y=%b", $time, v000001c97cee66d0_0, v000001c97ceebd30_0 {0 0 0};
    %pushi/vec4 1, 0, 4;
    %store/vec4 v000001c97cee66d0_0, 0, 4;
    %delay 10, 0;
    %pushi/vec4 2, 0, 4;
    %store/vec4 v000001c97cee66d0_0, 0, 4;
    %delay 10, 0;
    %pushi/vec4 4, 0, 4;
    %store/vec4 v000001c97cee66d0_0, 0, 4;
    %delay 10, 0;
    %pushi/vec4 8, 0, 4;
    %store/vec4 v000001c97cee66d0_0, 0, 4;
    %delay 10, 0;
    %vpi_call 2 14 "$finish" {0 0 0};
    %end;
    .thread T_1;
# The file index is used to find the file name in the following table.
:file_names 4;
    "N/A";
    "<interactive>";
    "testbench.v";
    "module.v";
